nohup: ignoring input

  .   ____          _            __ _ _
 /\\ / ___'_ __ _ _(_)_ __  __ _ \ \ \ \
( ( )\___ | '_ | '_| | '_ \/ _` | \ \ \ \
 \\/  ___)| |_)| | | | | || (_| |  ) ) ) )
  '  |____| .__|_| |_|_| |_\__, | / / / /
 =========|_|==============|___/=/_/_/_/
 :: Spring Boot ::                (v3.2.8)

2025-10-28T22:27:04.977+01:00  INFO 168760 --- [animal] [           main] c.n.a.AnimalMicroserviceApplication      : Starting AnimalMicroserviceApplication v0.0.1-SNAPSHOT using Java 21.0.8 with PID 168760 (/home/louay/Desktop/louay/les microservices/section2/animal-microservice/target/animal-microservice-0.0.1-SNAPSHOT.jar started by louay in /home/louay/Desktop/louay/les microservices/section2/animal-microservice)
2025-10-28T22:27:04.983+01:00  INFO 168760 --- [animal] [           main] c.n.a.AnimalMicroserviceApplication      : No active profile set, falling back to 1 default profile: "default"
2025-10-28T22:27:06.186+01:00  INFO 168760 --- [animal] [           main] .s.d.r.c.RepositoryConfigurationDelegate : Bootstrapping Spring Data JPA repositories in DEFAULT mode.
2025-10-28T22:27:06.384+01:00  INFO 168760 --- [animal] [           main] .s.d.r.c.RepositoryConfigurationDelegate : Finished Spring Data repository scanning in 186 ms. Found 1 JPA repository interface.
2025-10-28T22:27:06.660+01:00  INFO 168760 --- [animal] [           main] o.s.cloud.context.scope.GenericScope     : BeanFactory id=3a489ef6-e3cd-376d-90c3-cb73361f16ef
2025-10-28T22:27:07.110+01:00  INFO 168760 --- [animal] [           main] o.s.b.w.embedded.tomcat.TomcatWebServer  : Tomcat initialized with port 8082 (http)
2025-10-28T22:27:07.133+01:00  INFO 168760 --- [animal] [           main] o.apache.catalina.core.StandardService   : Starting service [Tomcat]
2025-10-28T22:27:07.133+01:00  INFO 168760 --- [animal] [           main] o.apache.catalina.core.StandardEngine    : Starting Servlet engine: [Apache Tomcat/10.1.26]
2025-10-28T22:27:07.181+01:00  INFO 168760 --- [animal] [           main] o.a.c.c.C.[Tomcat].[localhost].[/]       : Initializing Spring embedded WebApplicationContext
2025-10-28T22:27:07.182+01:00  INFO 168760 --- [animal] [           main] w.s.c.ServletWebServerApplicationContext : Root WebApplicationContext: initialization completed in 2067 ms
2025-10-28T22:27:07.240+01:00  INFO 168760 --- [animal] [           main] com.zaxxer.hikari.HikariDataSource       : HikariPool-1 - Starting...
2025-10-28T22:27:07.601+01:00  INFO 168760 --- [animal] [           main] com.zaxxer.hikari.pool.HikariPool        : HikariPool-1 - Added connection conn0: url=jdbc:h2:mem:animaldb user=SA
2025-10-28T22:27:07.604+01:00  INFO 168760 --- [animal] [           main] com.zaxxer.hikari.HikariDataSource       : HikariPool-1 - Start completed.
2025-10-28T22:27:07.615+01:00  INFO 168760 --- [animal] [           main] o.s.b.a.h2.H2ConsoleAutoConfiguration    : H2 console available at '/h2-console'. Database available at 'jdbc:h2:mem:animaldb'
2025-10-28T22:27:07.839+01:00  INFO 168760 --- [animal] [           main] o.hibernate.jpa.internal.util.LogHelper  : HHH000204: Processing PersistenceUnitInfo [name: default]
2025-10-28T22:27:07.942+01:00  INFO 168760 --- [animal] [           main] org.hibernate.Version                    : HHH000412: Hibernate ORM core version 6.4.9.Final
2025-10-28T22:27:08.013+01:00  INFO 168760 --- [animal] [           main] o.h.c.internal.RegionFactoryInitiator    : HHH000026: Second-level cache disabled
2025-10-28T22:27:08.435+01:00  INFO 168760 --- [animal] [           main] o.s.o.j.p.SpringPersistenceUnitInfo      : No LoadTimeWeaver setup: ignoring JPA class transformer
2025-10-28T22:27:09.697+01:00  INFO 168760 --- [animal] [           main] o.h.e.t.j.p.i.JtaPlatformInitiator       : HHH000489: No JTA platform available (set 'hibernate.transaction.jta.platform' to enable JTA platform integration)
Hibernate: create table animal (code_animal bigint generated by default as identity, code_groupe varchar(255), date_naissance date, nom_animal varchar(255), poids_animal float(53), primary key (code_animal))
2025-10-28T22:27:09.754+01:00  INFO 168760 --- [animal] [           main] j.LocalContainerEntityManagerFactoryBean : Initialized JPA EntityManagerFactory for persistence unit 'default'
2025-10-28T22:27:10.196+01:00  WARN 168760 --- [animal] [           main] JpaBaseConfiguration$JpaWebConfiguration : spring.jpa.open-in-view is enabled by default. Therefore, database queries may be performed during view rendering. Explicitly configure spring.jpa.open-in-view to disable this warning
2025-10-28T22:27:11.118+01:00  INFO 168760 --- [animal] [           main] o.s.b.w.embedded.tomcat.TomcatWebServer  : Tomcat started on port 8082 (http) with context path ''
2025-10-28T22:27:11.152+01:00  INFO 168760 --- [animal] [           main] c.n.a.AnimalMicroserviceApplication      : Started AnimalMicroserviceApplication in 6.987 seconds (process running for 7.691)
Hibernate: insert into animal (code_groupe,date_naissance,nom_animal,poids_animal,code_animal) values (?,?,?,?,default)
Hibernate: insert into animal (code_groupe,date_naissance,nom_animal,poids_animal,code_animal) values (?,?,?,?,default)
Hibernate: insert into animal (code_groupe,date_naissance,nom_animal,poids_animal,code_animal) values (?,?,?,?,default)
2025-10-28T22:27:15.937+01:00  INFO 168760 --- [animal] [nio-8082-exec-1] o.a.c.c.C.[Tomcat].[localhost].[/]       : Initializing Spring DispatcherServlet 'dispatcherServlet'
2025-10-28T22:27:15.937+01:00  INFO 168760 --- [animal] [nio-8082-exec-1] o.s.web.servlet.DispatcherServlet        : Initializing Servlet 'dispatcherServlet'
2025-10-28T22:27:15.939+01:00  INFO 168760 --- [animal] [nio-8082-exec-1] o.s.web.servlet.DispatcherServlet        : Completed initialization in 1 ms
Hibernate: select a1_0.code_animal,a1_0.code_groupe,a1_0.date_naissance,a1_0.nom_animal,a1_0.poids_animal from animal a1_0 where a1_0.code_animal=?
Hibernate: select a1_0.code_animal,a1_0.code_groupe,a1_0.date_naissance,a1_0.nom_animal,a1_0.poids_animal from animal a1_0 where a1_0.code_animal=?
