nohup: ignoring input

  .   ____          _            __ _ _
 /\\ / ___'_ __ _ _(_)_ __  __ _ \ \ \ \
( ( )\___ | '_ | '_| | '_ \/ _` | \ \ \ \
 \\/  ___)| |_)| | | | | || (_| |  ) ) ) )
  '  |____| .__|_| |_|_| |_\__, | / / / /
 =========|_|==============|___/=/_/_/_/
 :: Spring Boot ::                (v3.2.8)

2025-10-28T22:26:56.561+01:00  INFO 168148 --- [groupe] [           main] c.n.g.GroupeMicroserviceApplication      : Starting GroupeMicroserviceApplication v0.0.1-SNAPSHOT using Java 21.0.8 with PID 168148 (/home/louay/Desktop/louay/les microservices/section2/groupe-microservice/target/groupe-microservice-0.0.1-SNAPSHOT.jar started by louay in /home/louay/Desktop/louay/les microservices/section2/groupe-microservice)
2025-10-28T22:26:56.565+01:00  INFO 168148 --- [groupe] [           main] c.n.g.GroupeMicroserviceApplication      : No active profile set, falling back to 1 default profile: "default"
2025-10-28T22:26:57.646+01:00  INFO 168148 --- [groupe] [           main] .s.d.r.c.RepositoryConfigurationDelegate : Bootstrapping Spring Data JPA repositories in DEFAULT mode.
2025-10-28T22:26:57.714+01:00  INFO 168148 --- [groupe] [           main] .s.d.r.c.RepositoryConfigurationDelegate : Finished Spring Data repository scanning in 56 ms. Found 1 JPA repository interface.
2025-10-28T22:26:58.912+01:00  INFO 168148 --- [groupe] [           main] o.s.b.w.embedded.tomcat.TomcatWebServer  : Tomcat initialized with port 8081 (http)
2025-10-28T22:26:58.940+01:00  INFO 168148 --- [groupe] [           main] o.apache.catalina.core.StandardService   : Starting service [Tomcat]
2025-10-28T22:26:58.941+01:00  INFO 168148 --- [groupe] [           main] o.apache.catalina.core.StandardEngine    : Starting Servlet engine: [Apache Tomcat/10.1.26]
2025-10-28T22:26:58.999+01:00  INFO 168148 --- [groupe] [           main] o.a.c.c.C.[Tomcat].[localhost].[/]       : Initializing Spring embedded WebApplicationContext
2025-10-28T22:26:59.002+01:00  INFO 168148 --- [groupe] [           main] w.s.c.ServletWebServerApplicationContext : Root WebApplicationContext: initialization completed in 2327 ms
2025-10-28T22:26:59.080+01:00  INFO 168148 --- [groupe] [           main] com.zaxxer.hikari.HikariDataSource       : HikariPool-1 - Starting...
2025-10-28T22:26:59.442+01:00  INFO 168148 --- [groupe] [           main] com.zaxxer.hikari.pool.HikariPool        : HikariPool-1 - Added connection conn0: url=jdbc:h2:mem:grpdb user=SA
2025-10-28T22:26:59.447+01:00  INFO 168148 --- [groupe] [           main] com.zaxxer.hikari.HikariDataSource       : HikariPool-1 - Start completed.
2025-10-28T22:26:59.465+01:00  INFO 168148 --- [groupe] [           main] o.s.b.a.h2.H2ConsoleAutoConfiguration    : H2 console available at '/h2-console'. Database available at 'jdbc:h2:mem:grpdb'
2025-10-28T22:26:59.707+01:00  INFO 168148 --- [groupe] [           main] o.hibernate.jpa.internal.util.LogHelper  : HHH000204: Processing PersistenceUnitInfo [name: default]
2025-10-28T22:26:59.846+01:00  INFO 168148 --- [groupe] [           main] org.hibernate.Version                    : HHH000412: Hibernate ORM core version 6.4.9.Final
2025-10-28T22:26:59.936+01:00  INFO 168148 --- [groupe] [           main] o.h.c.internal.RegionFactoryInitiator    : HHH000026: Second-level cache disabled
2025-10-28T22:27:00.316+01:00  INFO 168148 --- [groupe] [           main] o.s.o.j.p.SpringPersistenceUnitInfo      : No LoadTimeWeaver setup: ignoring JPA class transformer
2025-10-28T22:27:01.263+01:00  INFO 168148 --- [groupe] [           main] o.h.e.t.j.p.i.JtaPlatformInitiator       : HHH000489: No JTA platform available (set 'hibernate.transaction.jta.platform' to enable JTA platform integration)
Hibernate: create table groupe (code_groupe bigint generated by default as identity, nom_groupe varchar(255), primary key (code_groupe))
2025-10-28T22:27:01.314+01:00  INFO 168148 --- [groupe] [           main] j.LocalContainerEntityManagerFactoryBean : Initialized JPA EntityManagerFactory for persistence unit 'default'
2025-10-28T22:27:01.740+01:00  WARN 168148 --- [groupe] [           main] JpaBaseConfiguration$JpaWebConfiguration : spring.jpa.open-in-view is enabled by default. Therefore, database queries may be performed during view rendering. Explicitly configure spring.jpa.open-in-view to disable this warning
2025-10-28T22:27:02.168+01:00  INFO 168148 --- [groupe] [           main] o.s.b.w.embedded.tomcat.TomcatWebServer  : Tomcat started on port 8081 (http) with context path ''
2025-10-28T22:27:02.187+01:00  INFO 168148 --- [groupe] [           main] c.n.g.GroupeMicroserviceApplication      : Started GroupeMicroserviceApplication in 6.287 seconds (process running for 6.914)
Hibernate: insert into groupe (nom_groupe,code_groupe) values (?,default)
Hibernate: insert into groupe (nom_groupe,code_groupe) values (?,default)
Hibernate: insert into groupe (nom_groupe,code_groupe) values (?,default)
2025-10-28T22:27:14.436+01:00  INFO 168148 --- [groupe] [nio-8081-exec-1] o.a.c.c.C.[Tomcat].[localhost].[/]       : Initializing Spring DispatcherServlet 'dispatcherServlet'
2025-10-28T22:27:14.436+01:00  INFO 168148 --- [groupe] [nio-8081-exec-1] o.s.web.servlet.DispatcherServlet        : Initializing Servlet 'dispatcherServlet'
2025-10-28T22:27:14.437+01:00  INFO 168148 --- [groupe] [nio-8081-exec-1] o.s.web.servlet.DispatcherServlet        : Completed initialization in 1 ms
Hibernate: select g1_0.code_groupe,g1_0.nom_groupe from groupe g1_0 where g1_0.nom_groupe=?
Hibernate: select g1_0.code_groupe,g1_0.nom_groupe from groupe g1_0 where g1_0.nom_groupe=?
Hibernate: select g1_0.code_groupe,g1_0.nom_groupe from groupe g1_0 where g1_0.nom_groupe=?
Hibernate: select g1_0.code_groupe,g1_0.nom_groupe from groupe g1_0 where g1_0.nom_groupe=?
Hibernate: select g1_0.code_groupe,g1_0.nom_groupe from groupe g1_0 where g1_0.nom_groupe=?
Hibernate: select g1_0.code_groupe,g1_0.nom_groupe from groupe g1_0 where g1_0.nom_groupe=?
2025-10-28T23:06:55.636+01:00  INFO 168148 --- [groupe] [ionShutdownHook] j.LocalContainerEntityManagerFactoryBean : Closing JPA EntityManagerFactory for persistence unit 'default'
2025-10-28T23:06:55.684+01:00  INFO 168148 --- [groupe] [ionShutdownHook] com.zaxxer.hikari.HikariDataSource       : HikariPool-1 - Shutdown initiated...
2025-10-28T23:06:55.713+01:00  INFO 168148 --- [groupe] [ionShutdownHook] com.zaxxer.hikari.HikariDataSource       : HikariPool-1 - Shutdown completed.
